<?xml version="1.0" encoding="UTF-8"?>
<testng-results total="2" passed="2" failed="0" skipped="0">
  <reporter-output>
  </reporter-output>
  <suite started-at="2024-10-04T10:59:07Z" name="Test Suite for Buildout" finished-at="2024-10-04T11:00:02Z" duration-ms="54965">
    <groups>
    </groups>
    <test started-at="2024-10-04T10:59:07Z" name="Test Cases for Buildout" finished-at="2024-10-04T11:00:02Z" duration-ms="54965">
      <class name="demo.TestCases">
        <test-method is-config="true" signature="startBrowser()[pri:0, instance:demo.TestCases@4212a0c8]" started-at="2024-10-04T16:29:07Z" name="startBrowser" finished-at="2024-10-04T16:29:10Z" duration-ms="2732" status="PASS">
          <reporter-output>
          </reporter-output>
        </test-method> <!-- startBrowser -->
        <test-method signature="testCase01()[pri:0, instance:demo.TestCases@4212a0c8]" started-at="2024-10-04T16:29:10Z" name="testCase01" finished-at="2024-10-04T16:29:27Z" duration-ms="17122" status="PASS">
          <reporter-output>
          </reporter-output>
        </test-method> <!-- testCase01 -->
        <test-method signature="testCase02()[pri:0, instance:demo.TestCases@4212a0c8]" started-at="2024-10-04T16:29:27Z" name="testCase02" finished-at="2024-10-04T16:30:01Z" duration-ms="34766" status="PASS">
          <reporter-output>
          </reporter-output>
        </test-method> <!-- testCase02 -->
        <test-method is-config="true" signature="endTest()[pri:0, instance:demo.TestCases@4212a0c8]" started-at="2024-10-04T16:30:01Z" name="endTest" finished-at="2024-10-04T16:30:02Z" duration-ms="338" status="PASS">
          <reporter-output>
          </reporter-output>
        </test-method> <!-- endTest -->
      </class> <!-- demo.TestCases -->
    </test> <!-- Test Cases for Buildout -->
  </suite> <!-- Test Suite for Buildout -->
</testng-results>
